{"D:\\fastigo\\fastigo.ai\\src\\app.controller.ts": {"path":"D:\\fastigo\\fastigo.ai\\src\\app.controller.ts","statementMap":{"0":{"start":{"line":1,"column":0},"end":{"line":1,"column":49}},"1":{"start":{"line":2,"column":0},"end":{"line":2,"column":43}},"2":{"start":{"line":5,"column":7},"end":{"line":12,"column":null}},"3":{"start":{"line":6,"column":31},"end":{"line":6,"column":43}},"4":{"start":{"line":10,"column":4},"end":{"line":10,"column":38}},"5":{"start":{"line":5,"column":13},"end":{"line":5,"column":26}},"6":{"start":{"line":9,"column":2},"end":{"line":11,"column":null}},"7":{"start":{"line":5,"column":13},"end":{"line":12,"column":null}}},"fnMap":{"0":{"name":"(anonymous_2)","decl":{"start":{"line":6,"column":2},"end":{"line":6,"column":31}},"loc":{"start":{"line":6,"column":53},"end":{"line":6,"column":57}}},"1":{"name":"(anonymous_3)","decl":{"start":{"line":9,"column":2},"end":{"line":9,"column":10}},"loc":{"start":{"line":9,"column":10},"end":{"line":11,"column":3}}}},"branchMap":{"0":{"loc":{"start":{"line":6,"column":43},"end":{"line":6,"column":56}},"type":"cond-expr","locations":[{"start":{"line":6,"column":53},"end":{"line":6,"column":56}},{"start":{"line":6,"column":53},"end":{"line":6,"column":56}}]},"1":{"loc":{"start":{"line":6,"column":43},"end":{"line":6,"column":53}},"type":"binary-expr","locations":[{"start":{"line":6,"column":43},"end":{"line":6,"column":56}},{"start":{"line":6,"column":43},"end":{"line":6,"column":53}}]}},"s":{"0":1,"1":1,"2":1,"3":1,"4":1,"5":1,"6":1,"7":1},"f":{"0":1,"1":1},"b":{"0":[1,0],"1":[1,1]}}
,"D:\\fastigo\\fastigo.ai\\src\\app.service.ts": {"path":"D:\\fastigo\\fastigo.ai\\src\\app.service.ts","statementMap":{"0":{"start":{"line":1,"column":0},"end":{"line":1,"column":44}},"1":{"start":{"line":4,"column":7},"end":{"line":8,"column":null}},"2":{"start":{"line":6,"column":4},"end":{"line":6,"column":26}},"3":{"start":{"line":4,"column":13},"end":{"line":4,"column":23}},"4":{"start":{"line":4,"column":13},"end":{"line":8,"column":null}}},"fnMap":{"0":{"name":"(anonymous_1)","decl":{"start":{"line":5,"column":2},"end":{"line":5,"column":10}},"loc":{"start":{"line":5,"column":10},"end":{"line":7,"column":3}}}},"branchMap":{},"s":{"0":1,"1":1,"2":1,"3":1,"4":1},"f":{"0":1},"b":{}}
,"D:\\fastigo\\fastigo.ai\\src\\database\\database.module.ts": {"path":"D:\\fastigo\\fastigo.ai\\src\\database\\database.module.ts","statementMap":{"0":{"start":{"line":1,"column":0},"end":{"line":1,"column":40}},"1":{"start":{"line":2,"column":0},"end":{"line":2,"column":50}},"2":{"start":{"line":3,"column":0},"end":{"line":3,"column":56}},"3":{"start":{"line":4,"column":0},"end":{"line":4,"column":53}},"4":{"start":{"line":5,"column":0},"end":{"line":5,"column":56}},"5":{"start":{"line":6,"column":0},"end":{"line":6,"column":65}},"6":{"start":{"line":22,"column":7},"end":{"line":22,"column":null}},"7":{"start":{"line":22,"column":13},"end":{"line":22,"column":27}},"8":{"start":{"line":22,"column":13},"end":{"line":22,"column":null}}},"fnMap":{},"branchMap":{},"s":{"0":1,"1":1,"2":1,"3":1,"4":1,"5":1,"6":1,"7":1,"8":1},"f":{},"b":{}}
,"D:\\fastigo\\fastigo.ai\\src\\database\\database.service.ts": {"path":"D:\\fastigo\\fastigo.ai\\src\\database\\database.service.ts","statementMap":{"0":{"start":{"line":1,"column":0},"end":{"line":1,"column":44}},"1":{"start":{"line":2,"column":0},"end":{"line":2,"column":47}},"2":{"start":{"line":3,"column":0},"end":{"line":3,"column":58}},"3":{"start":{"line":4,"column":0},"end":{"line":4,"column":33}},"4":{"start":{"line":5,"column":0},"end":{"line":5,"column":58}},"5":{"start":{"line":6,"column":0},"end":{"line":6,"column":67}},"6":{"start":{"line":9,"column":7},"end":{"line":21,"column":null}},"7":{"start":{"line":13,"column":24},"end":{"line":13,"column":35}},"8":{"start":{"line":15,"column":24},"end":{"line":15,"column":35}},"9":{"start":{"line":17,"column":24},"end":{"line":17,"column":38}},"10":{"start":{"line":9,"column":13},"end":{"line":9,"column":28}},"11":{"start":{"line":9,"column":13},"end":{"line":21,"column":null}}},"fnMap":{"0":{"name":"(anonymous_4)","decl":{"start":{"line":11,"column":4},"end":{"line":11,"column":null}},"loc":{"start":{"line":17,"column":60},"end":{"line":18,"column":9}}}},"branchMap":{"0":{"loc":{"start":{"line":13,"column":35},"end":{"line":13,"column":54}},"type":"cond-expr","locations":[{"start":{"line":13,"column":40},"end":{"line":13,"column":54}},{"start":{"line":13,"column":40},"end":{"line":13,"column":54}}]},"1":{"loc":{"start":{"line":13,"column":35},"end":{"line":13,"column":40}},"type":"binary-expr","locations":[{"start":{"line":13,"column":35},"end":{"line":13,"column":54}},{"start":{"line":13,"column":35},"end":{"line":13,"column":40}}]},"2":{"loc":{"start":{"line":13,"column":40},"end":{"line":15,"column":54}},"type":"cond-expr","locations":[{"start":{"line":15,"column":40},"end":{"line":15,"column":54}},{"start":{"line":15,"column":40},"end":{"line":15,"column":54}}]},"3":{"loc":{"start":{"line":13,"column":40},"end":{"line":15,"column":40}},"type":"binary-expr","locations":[{"start":{"line":13,"column":40},"end":{"line":15,"column":54}},{"start":{"line":15,"column":35},"end":{"line":15,"column":40}}]},"4":{"loc":{"start":{"line":15,"column":40},"end":{"line":17,"column":60}},"type":"cond-expr","locations":[{"start":{"line":17,"column":43},"end":{"line":17,"column":60}},{"start":{"line":17,"column":43},"end":{"line":17,"column":60}}]},"5":{"loc":{"start":{"line":15,"column":40},"end":{"line":17,"column":43}},"type":"binary-expr","locations":[{"start":{"line":15,"column":40},"end":{"line":17,"column":60}},{"start":{"line":17,"column":38},"end":{"line":17,"column":43}}]}},"s":{"0":2,"1":2,"2":2,"3":2,"4":2,"5":2,"6":2,"7":24,"8":24,"9":24,"10":2,"11":2},"f":{"0":24},"b":{"0":[2,0],"1":[2,2],"2":[2,0],"3":[2,2],"4":[2,0],"5":[2,2]}}
,"D:\\fastigo\\fastigo.ai\\src\\database\\Schema\\project.schema.ts": {"path":"D:\\fastigo\\fastigo.ai\\src\\database\\Schema\\project.schema.ts","statementMap":{"0":{"start":{"line":1,"column":0},"end":{"line":1,"column":63}},"1":{"start":{"line":2,"column":0},"end":{"line":2,"column":53}},"2":{"start":{"line":6,"column":0},"end":{"line":6,"column":null}},"3":{"start":{"line":7,"column":4},"end":{"line":7,"column":null}},"4":{"start":{"line":8,"column":4},"end":{"line":8,"column":null}},"5":{"start":{"line":9,"column":4},"end":{"line":9,"column":null}},"6":{"start":{"line":13,"column":7},"end":{"line":41,"column":null}},"7":{"start":{"line":13,"column":13},"end":{"line":13,"column":20}},"8":{"start":{"line":17,"column":4},"end":{"line":17,"column":null}},"9":{"start":{"line":20,"column":4},"end":{"line":20,"column":null}},"10":{"start":{"line":24,"column":4},"end":{"line":24,"column":null}},"11":{"start":{"line":28,"column":4},"end":{"line":28,"column":null}},"12":{"start":{"line":34,"column":4},"end":{"line":34,"column":null}},"13":{"start":{"line":37,"column":4},"end":{"line":37,"column":null}},"14":{"start":{"line":40,"column":4},"end":{"line":40,"column":null}},"15":{"start":{"line":13,"column":13},"end":{"line":41,"column":null}},"16":{"start":{"line":43,"column":13},"end":{"line":43,"column":67}}},"fnMap":{"0":{"name":"(anonymous_2)","decl":{"start":{"line":6,"column":0},"end":{"line":6,"column":12}},"loc":{"start":{"line":6,"column":25},"end":{"line":10,"column":1}}}},"branchMap":{"0":{"loc":{"start":{"line":6,"column":12},"end":{"line":6,"column":null}},"type":"binary-expr","locations":[{"start":{"line":6,"column":12},"end":{"line":6,"column":25}},{"start":{"line":6,"column":25},"end":{"line":6,"column":null}}]},"1":{"loc":{"start":{"line":24,"column":13},"end":{"line":24,"column":28}},"type":"cond-expr","locations":[{"start":{"line":24,"column":27},"end":{"line":24,"column":28}},{"start":{"line":24,"column":27},"end":{"line":24,"column":28}}]},"2":{"loc":{"start":{"line":24,"column":13},"end":{"line":24,"column":27}},"type":"binary-expr","locations":[{"start":{"line":24,"column":13},"end":{"line":24,"column":19}},{"start":{"line":24,"column":13},"end":{"line":24,"column":27}}]},"3":{"loc":{"start":{"line":37,"column":15},"end":{"line":37,"column":20}},"type":"cond-expr","locations":[{"start":{"line":37,"column":19},"end":{"line":37,"column":20}},{"start":{"line":37,"column":19},"end":{"line":37,"column":20}}]},"4":{"loc":{"start":{"line":37,"column":15},"end":{"line":37,"column":19}},"type":"binary-expr","locations":[{"start":{"line":37,"column":15},"end":{"line":37,"column":20}},{"start":{"line":37,"column":15},"end":{"line":37,"column":19}}]},"5":{"loc":{"start":{"line":40,"column":15},"end":{"line":40,"column":20}},"type":"cond-expr","locations":[{"start":{"line":40,"column":19},"end":{"line":40,"column":20}},{"start":{"line":40,"column":19},"end":{"line":40,"column":20}}]},"6":{"loc":{"start":{"line":40,"column":15},"end":{"line":40,"column":19}},"type":"binary-expr","locations":[{"start":{"line":40,"column":15},"end":{"line":40,"column":20}},{"start":{"line":40,"column":15},"end":{"line":40,"column":19}}]}},"s":{"0":2,"1":2,"2":2,"3":2,"4":2,"5":2,"6":2,"7":2,"8":2,"9":2,"10":2,"11":2,"12":2,"13":2,"14":2,"15":2,"16":2},"f":{"0":2},"b":{"0":[2,2],"1":[2,0],"2":[2,2],"3":[2,0],"4":[2,2],"5":[2,0],"6":[2,2]}}
,"D:\\fastigo\\fastigo.ai\\src\\database\\Schema\\task.schema.ts": {"path":"D:\\fastigo\\fastigo.ai\\src\\database\\Schema\\task.schema.ts","statementMap":{"0":{"start":{"line":1,"column":0},"end":{"line":1,"column":63}},"1":{"start":{"line":2,"column":0},"end":{"line":2,"column":53}},"2":{"start":{"line":6,"column":0},"end":{"line":6,"column":null}},"3":{"start":{"line":7,"column":4},"end":{"line":7,"column":null}},"4":{"start":{"line":8,"column":4},"end":{"line":8,"column":null}},"5":{"start":{"line":9,"column":4},"end":{"line":9,"column":null}},"6":{"start":{"line":13,"column":7},"end":{"line":64,"column":null}},"7":{"start":{"line":13,"column":13},"end":{"line":13,"column":17}},"8":{"start":{"line":20,"column":4},"end":{"line":20,"column":null}},"9":{"start":{"line":26,"column":4},"end":{"line":26,"column":null}},"10":{"start":{"line":31,"column":4},"end":{"line":31,"column":null}},"11":{"start":{"line":37,"column":4},"end":{"line":37,"column":null}},"12":{"start":{"line":44,"column":4},"end":{"line":44,"column":null}},"13":{"start":{"line":51,"column":4},"end":{"line":51,"column":null}},"14":{"start":{"line":58,"column":4},"end":{"line":58,"column":null}},"15":{"start":{"line":63,"column":4},"end":{"line":63,"column":null}},"16":{"start":{"line":13,"column":13},"end":{"line":64,"column":null}},"17":{"start":{"line":66,"column":13},"end":{"line":66,"column":61}}},"fnMap":{"0":{"name":"(anonymous_2)","decl":{"start":{"line":6,"column":0},"end":{"line":6,"column":12}},"loc":{"start":{"line":6,"column":22},"end":{"line":10,"column":1}}}},"branchMap":{"0":{"loc":{"start":{"line":6,"column":12},"end":{"line":6,"column":null}},"type":"binary-expr","locations":[{"start":{"line":6,"column":12},"end":{"line":6,"column":22}},{"start":{"line":6,"column":22},"end":{"line":6,"column":null}}]},"1":{"loc":{"start":{"line":44,"column":15},"end":{"line":44,"column":30}},"type":"cond-expr","locations":[{"start":{"line":44,"column":29},"end":{"line":44,"column":30}},{"start":{"line":44,"column":29},"end":{"line":44,"column":30}}]},"2":{"loc":{"start":{"line":44,"column":15},"end":{"line":44,"column":29}},"type":"binary-expr","locations":[{"start":{"line":44,"column":15},"end":{"line":44,"column":21}},{"start":{"line":44,"column":15},"end":{"line":44,"column":29}}]},"3":{"loc":{"start":{"line":51,"column":16},"end":{"line":51,"column":31}},"type":"cond-expr","locations":[{"start":{"line":51,"column":30},"end":{"line":51,"column":31}},{"start":{"line":51,"column":30},"end":{"line":51,"column":31}}]},"4":{"loc":{"start":{"line":51,"column":16},"end":{"line":51,"column":30}},"type":"binary-expr","locations":[{"start":{"line":51,"column":16},"end":{"line":51,"column":22}},{"start":{"line":51,"column":16},"end":{"line":51,"column":30}}]},"5":{"loc":{"start":{"line":58,"column":15},"end":{"line":58,"column":30}},"type":"cond-expr","locations":[{"start":{"line":58,"column":29},"end":{"line":58,"column":30}},{"start":{"line":58,"column":29},"end":{"line":58,"column":30}}]},"6":{"loc":{"start":{"line":58,"column":15},"end":{"line":58,"column":29}},"type":"binary-expr","locations":[{"start":{"line":58,"column":15},"end":{"line":58,"column":21}},{"start":{"line":58,"column":15},"end":{"line":58,"column":29}}]},"7":{"loc":{"start":{"line":63,"column":13},"end":{"line":63,"column":18}},"type":"cond-expr","locations":[{"start":{"line":63,"column":17},"end":{"line":63,"column":18}},{"start":{"line":63,"column":17},"end":{"line":63,"column":18}}]},"8":{"loc":{"start":{"line":63,"column":13},"end":{"line":63,"column":17}},"type":"binary-expr","locations":[{"start":{"line":63,"column":13},"end":{"line":63,"column":18}},{"start":{"line":63,"column":13},"end":{"line":63,"column":17}}]}},"s":{"0":2,"1":2,"2":2,"3":2,"4":2,"5":2,"6":2,"7":2,"8":2,"9":2,"10":2,"11":2,"12":2,"13":2,"14":2,"15":2,"16":2,"17":2},"f":{"0":2},"b":{"0":[2,2],"1":[2,0],"2":[2,2],"3":[2,0],"4":[2,2],"5":[2,0],"6":[2,2],"7":[2,0],"8":[2,2]}}
,"D:\\fastigo\\fastigo.ai\\src\\database\\Schema\\user.schema.ts": {"path":"D:\\fastigo\\fastigo.ai\\src\\database\\Schema\\user.schema.ts","statementMap":{"0":{"start":{"line":1,"column":0},"end":{"line":1,"column":63}},"1":{"start":{"line":3,"column":0},"end":{"line":3,"column":33}},"2":{"start":{"line":7,"column":7},"end":{"line":25,"column":null}},"3":{"start":{"line":7,"column":13},"end":{"line":7,"column":17}},"4":{"start":{"line":12,"column":4},"end":{"line":12,"column":null}},"5":{"start":{"line":15,"column":4},"end":{"line":15,"column":null}},"6":{"start":{"line":18,"column":4},"end":{"line":18,"column":null}},"7":{"start":{"line":21,"column":4},"end":{"line":21,"column":null}},"8":{"start":{"line":24,"column":4},"end":{"line":24,"column":null}},"9":{"start":{"line":7,"column":13},"end":{"line":25,"column":null}},"10":{"start":{"line":27,"column":13},"end":{"line":27,"column":61}},"11":{"start":{"line":31,"column":0},"end":{"line":37,"column":3}},"12":{"start":{"line":32,"column":17},"end":{"line":32,"column":28}},"13":{"start":{"line":34,"column":4},"end":{"line":34,"column":45}},"14":{"start":{"line":34,"column":38},"end":{"line":34,"column":45}},"15":{"start":{"line":36,"column":4},"end":{"line":36,"column":57}}},"fnMap":{"0":{"name":"(anonymous_11)","decl":{"start":{"line":31,"column":23},"end":{"line":31,"column":28}},"loc":{"start":{"line":31,"column":28},"end":{"line":37,"column":1}}}},"branchMap":{"0":{"loc":{"start":{"line":34,"column":4},"end":{"line":34,"column":45}},"type":"if","locations":[{"start":{"line":34,"column":4},"end":{"line":34,"column":45}},{"start":{},"end":{}}]}},"s":{"0":2,"1":2,"2":2,"3":2,"4":2,"5":2,"6":2,"7":2,"8":2,"9":2,"10":2,"11":2,"12":9,"13":9,"14":0,"15":9},"f":{"0":9},"b":{"0":[0,9]}}
,"D:\\fastigo\\fastigo.ai\\src\\project\\project.service.ts": {"path":"D:\\fastigo\\fastigo.ai\\src\\project\\project.service.ts","statementMap":{"0":{"start":{"line":1,"column":0},"end":{"line":1,"column":64}},"1":{"start":{"line":2,"column":0},"end":{"line":2,"column":63}},"2":{"start":{"line":3,"column":0},"end":{"line":3,"column":33}},"3":{"start":{"line":4,"column":0},"end":{"line":4,"column":72}},"4":{"start":{"line":5,"column":0},"end":{"line":5,"column":54}},"5":{"start":{"line":8,"column":7},"end":{"line":160,"column":null}},"6":{"start":{"line":10,"column":25},"end":{"line":10,"column":42}},"7":{"start":{"line":11,"column":25},"end":{"line":11,"column":39}},"8":{"start":{"line":19,"column":8},"end":{"line":34,"column":9}},"9":{"start":{"line":20,"column":12},"end":{"line":20,"column":42}},"10":{"start":{"line":21,"column":30},"end":{"line":21,"column":83}},"11":{"start":{"line":22,"column":12},"end":{"line":24,"column":13}},"12":{"start":{"line":23,"column":16},"end":{"line":23,"column":null}},"13":{"start":{"line":25,"column":28},"end":{"line":29,"column":14}},"14":{"start":{"line":30,"column":12},"end":{"line":30,"column":71}},"15":{"start":{"line":31,"column":12},"end":{"line":31,"column":null}},"16":{"start":{"line":33,"column":12},"end":{"line":33,"column":null}},"17":{"start":{"line":42,"column":8},"end":{"line":64,"column":9}},"18":{"start":{"line":43,"column":28},"end":{"line":44,"column":null}},"19":{"start":{"line":47,"column":12},"end":{"line":49,"column":13}},"20":{"start":{"line":48,"column":16},"end":{"line":48,"column":65}},"21":{"start":{"line":51,"column":12},"end":{"line":55,"column":13}},"22":{"start":{"line":52,"column":16},"end":{"line":54,"column":18}},"23":{"start":{"line":57,"column":12},"end":{"line":57,"column":32}},"24":{"start":{"line":58,"column":12},"end":{"line":58,"column":46}},"25":{"start":{"line":59,"column":12},"end":{"line":59,"column":33}},"26":{"start":{"line":60,"column":12},"end":{"line":60,"column":71}},"27":{"start":{"line":61,"column":12},"end":{"line":61,"column":27}},"28":{"start":{"line":63,"column":12},"end":{"line":63,"column":20}},"29":{"start":{"line":69,"column":12},"end":{"line":69,"column":69}},"30":{"start":{"line":71,"column":8},"end":{"line":113,"column":9}},"31":{"start":{"line":72,"column":12},"end":{"line":72,"column":39}},"32":{"start":{"line":73,"column":12},"end":{"line":73,"column":47}},"33":{"start":{"line":75,"column":28},"end":{"line":80,"column":33}},"34":{"start":{"line":82,"column":12},"end":{"line":86,"column":13}},"35":{"start":{"line":83,"column":16},"end":{"line":85,"column":18}},"36":{"start":{"line":89,"column":16},"end":{"line":94,"column":null}},"37":{"start":{"line":96,"column":12},"end":{"line":96,"column":54}},"38":{"start":{"line":98,"column":12},"end":{"line":98,"column":46}},"39":{"start":{"line":100,"column":12},"end":{"line":100,"column":71}},"40":{"start":{"line":101,"column":12},"end":{"line":101,"column":68}},"41":{"start":{"line":103,"column":12},"end":{"line":107,"column":14}},"42":{"start":{"line":109,"column":12},"end":{"line":109,"column":45}},"43":{"start":{"line":110,"column":12},"end":{"line":110,"column":20}},"44":{"start":{"line":112,"column":12},"end":{"line":112,"column":33}},"45":{"start":{"line":120,"column":8},"end":{"line":133,"column":9}},"46":{"start":{"line":121,"column":28},"end":{"line":124,"column":14}},"47":{"start":{"line":126,"column":12},"end":{"line":128,"column":13}},"48":{"start":{"line":127,"column":16},"end":{"line":127,"column":65}},"49":{"start":{"line":130,"column":12},"end":{"line":130,"column":27}},"50":{"start":{"line":132,"column":12},"end":{"line":132,"column":20}},"51":{"start":{"line":140,"column":8},"end":{"line":158,"column":9}},"52":{"start":{"line":141,"column":29},"end":{"line":141,"column":74}},"53":{"start":{"line":142,"column":27},"end":{"line":142,"column":64}},"54":{"start":{"line":143,"column":12},"end":{"line":145,"column":13}},"55":{"start":{"line":144,"column":16},"end":{"line":144,"column":42}},"56":{"start":{"line":146,"column":31},"end":{"line":146,"column":36}},"57":{"start":{"line":147,"column":32},"end":{"line":149,"column":14}},"58":{"start":{"line":150,"column":12},"end":{"line":152,"column":13}},"59":{"start":{"line":151,"column":16},"end":{"line":151,"column":null}},"60":{"start":{"line":153,"column":29},"end":{"line":153,"column":81}},"61":{"start":{"line":154,"column":12},"end":{"line":154,"column":65}},"62":{"start":{"line":155,"column":12},"end":{"line":155,"column":null}},"63":{"start":{"line":157,"column":12},"end":{"line":157,"column":null}},"64":{"start":{"line":8,"column":13},"end":{"line":8,"column":27}},"65":{"start":{"line":8,"column":13},"end":{"line":160,"column":null}}},"fnMap":{"0":{"name":"(anonymous_2)","decl":{"start":{"line":9,"column":4},"end":{"line":9,"column":null}},"loc":{"start":{"line":11,"column":51},"end":{"line":12,"column":9}}},"1":{"name":"(anonymous_3)","decl":{"start":{"line":14,"column":4},"end":{"line":14,"column":9}},"loc":{"start":{"line":17,"column":22},"end":{"line":35,"column":5}}},"2":{"name":"(anonymous_4)","decl":{"start":{"line":36,"column":4},"end":{"line":36,"column":9}},"loc":{"start":{"line":40,"column":22},"end":{"line":65,"column":5}}},"3":{"name":"(anonymous_5)","decl":{"start":{"line":67,"column":4},"end":{"line":67,"column":9}},"loc":{"start":{"line":67,"column":57},"end":{"line":114,"column":5}}},"4":{"name":"(anonymous_6)","decl":{"start":{"line":116,"column":4},"end":{"line":116,"column":9}},"loc":{"start":{"line":118,"column":22},"end":{"line":134,"column":5}}},"5":{"name":"(anonymous_7)","decl":{"start":{"line":136,"column":4},"end":{"line":136,"column":9}},"loc":{"start":{"line":138,"column":18},"end":{"line":159,"column":5}}}},"branchMap":{"0":{"loc":{"start":{"line":22,"column":12},"end":{"line":24,"column":13}},"type":"if","locations":[{"start":{"line":22,"column":12},"end":{"line":24,"column":13}},{"start":{},"end":{}}]},"1":{"loc":{"start":{"line":47,"column":12},"end":{"line":49,"column":13}},"type":"if","locations":[{"start":{"line":47,"column":12},"end":{"line":49,"column":13}},{"start":{},"end":{}}]},"2":{"loc":{"start":{"line":51,"column":12},"end":{"line":55,"column":13}},"type":"if","locations":[{"start":{"line":51,"column":12},"end":{"line":55,"column":13}},{"start":{},"end":{}}]},"3":{"loc":{"start":{"line":82,"column":12},"end":{"line":86,"column":13}},"type":"if","locations":[{"start":{"line":82,"column":12},"end":{"line":86,"column":13}},{"start":{},"end":{}}]},"4":{"loc":{"start":{"line":126,"column":12},"end":{"line":128,"column":13}},"type":"if","locations":[{"start":{"line":126,"column":12},"end":{"line":128,"column":13}},{"start":{},"end":{}}]},"5":{"loc":{"start":{"line":143,"column":12},"end":{"line":145,"column":13}},"type":"if","locations":[{"start":{"line":143,"column":12},"end":{"line":145,"column":13}},{"start":{},"end":{}}]},"6":{"loc":{"start":{"line":150,"column":12},"end":{"line":152,"column":13}},"type":"if","locations":[{"start":{"line":150,"column":12},"end":{"line":152,"column":13}},{"start":{},"end":{}}]},"7":{"loc":{"start":{"line":10,"column":42},"end":{"line":10,"column":null}},"type":"cond-expr","locations":[{"start":{"line":10,"column":57},"end":{"line":10,"column":null}},{"start":{"line":10,"column":57},"end":{"line":10,"column":null}}]},"8":{"loc":{"start":{"line":10,"column":42},"end":{"line":10,"column":57}},"type":"binary-expr","locations":[{"start":{"line":10,"column":42},"end":{"line":10,"column":null}},{"start":{"line":10,"column":42},"end":{"line":10,"column":57}}]},"9":{"loc":{"start":{"line":10,"column":57},"end":{"line":11,"column":null}},"type":"cond-expr","locations":[{"start":{"line":11,"column":51},"end":{"line":11,"column":null}},{"start":{"line":11,"column":51},"end":{"line":11,"column":null}}]},"10":{"loc":{"start":{"line":10,"column":57},"end":{"line":11,"column":51}},"type":"binary-expr","locations":[{"start":{"line":10,"column":57},"end":{"line":11,"column":null}},{"start":{"line":11,"column":39},"end":{"line":11,"column":51}}]}},"s":{"0":1,"1":1,"2":1,"3":1,"4":1,"5":1,"6":12,"7":12,"8":13,"9":13,"10":13,"11":13,"12":1,"13":12,"14":12,"15":12,"16":1,"17":3,"18":3,"19":3,"20":1,"21":2,"22":1,"23":1,"24":1,"25":1,"26":1,"27":1,"28":2,"29":2,"30":2,"31":2,"32":2,"33":2,"34":2,"35":1,"36":1,"37":1,"38":1,"39":1,"40":1,"41":1,"42":1,"43":1,"44":2,"45":2,"46":2,"47":2,"48":1,"49":1,"50":1,"51":2,"52":2,"53":2,"54":2,"55":0,"56":2,"57":2,"58":2,"59":1,"60":2,"61":2,"62":2,"63":0,"64":1,"65":1},"f":{"0":12,"1":13,"2":3,"3":2,"4":2,"5":2},"b":{"0":[1,12],"1":[1,2],"2":[1,1],"3":[1,1],"4":[1,1],"5":[0,2],"6":[1,1],"7":[1,0],"8":[1,1],"9":[1,0],"10":[1,1]}}
,"D:\\fastigo\\fastigo.ai\\src\\redis\\redis.module.ts": {"path":"D:\\fastigo\\fastigo.ai\\src\\redis\\redis.module.ts","statementMap":{"0":{"start":{"line":2,"column":0},"end":{"line":2,"column":40}},"1":{"start":{"line":3,"column":0},"end":{"line":3,"column":47}},"2":{"start":{"line":9,"column":7},"end":{"line":9,"column":null}},"3":{"start":{"line":9,"column":13},"end":{"line":9,"column":24}},"4":{"start":{"line":9,"column":13},"end":{"line":9,"column":null}}},"fnMap":{},"branchMap":{},"s":{"0":1,"1":1,"2":1,"3":1,"4":1},"f":{},"b":{}}
,"D:\\fastigo\\fastigo.ai\\src\\redis\\redis.service.ts": {"path":"D:\\fastigo\\fastigo.ai\\src\\redis\\redis.service.ts","statementMap":{"0":{"start":{"line":2,"column":0},"end":{"line":2,"column":61}},"1":{"start":{"line":3,"column":0},"end":{"line":3,"column":28}},"2":{"start":{"line":6,"column":7},"end":{"line":34,"column":null}},"3":{"start":{"line":7,"column":20},"end":{"line":10,"column":6}},"4":{"start":{"line":13,"column":8},"end":{"line":13,"column":35}},"5":{"start":{"line":17,"column":8},"end":{"line":17,"column":69}},"6":{"start":{"line":21,"column":8},"end":{"line":21,"column":35}},"7":{"start":{"line":25,"column":21},"end":{"line":25,"column":51}},"8":{"start":{"line":26,"column":8},"end":{"line":28,"column":9}},"9":{"start":{"line":27,"column":12},"end":{"line":27,"column":42}},"10":{"start":{"line":32,"column":8},"end":{"line":32,"column":32}},"11":{"start":{"line":6,"column":13},"end":{"line":6,"column":25}},"12":{"start":{"line":6,"column":13},"end":{"line":34,"column":null}}},"fnMap":{"0":{"name":"(anonymous_2)","decl":{"start":{"line":12,"column":4},"end":{"line":12,"column":9}},"loc":{"start":{"line":12,"column":25},"end":{"line":14,"column":5}}},"1":{"name":"(anonymous_3)","decl":{"start":{"line":16,"column":4},"end":{"line":16,"column":9}},"loc":{"start":{"line":16,"column":48},"end":{"line":18,"column":5}}},"2":{"name":"(anonymous_4)","decl":{"start":{"line":20,"column":4},"end":{"line":20,"column":9}},"loc":{"start":{"line":20,"column":25},"end":{"line":22,"column":5}}},"3":{"name":"(anonymous_5)","decl":{"start":{"line":24,"column":4},"end":{"line":24,"column":9}},"loc":{"start":{"line":24,"column":36},"end":{"line":29,"column":5}}},"4":{"name":"(anonymous_6)","decl":{"start":{"line":31,"column":4},"end":{"line":31,"column":9}},"loc":{"start":{"line":31,"column":25},"end":{"line":33,"column":5}}}},"branchMap":{"0":{"loc":{"start":{"line":8,"column":14},"end":{"line":8,"column":51}},"type":"binary-expr","locations":[{"start":{"line":8,"column":14},"end":{"line":8,"column":36}},{"start":{"line":8,"column":40},"end":{"line":8,"column":51}}]},"1":{"loc":{"start":{"line":9,"column":14},"end":{"line":9,"column":52}},"type":"binary-expr","locations":[{"start":{"line":9,"column":14},"end":{"line":9,"column":44}},{"start":{"line":9,"column":48},"end":{"line":9,"column":52}}]},"2":{"loc":{"start":{"line":16,"column":39},"end":{"line":16,"column":48}},"type":"default-arg","locations":[{"start":{"line":16,"column":45},"end":{"line":16,"column":48}}]},"3":{"loc":{"start":{"line":26,"column":8},"end":{"line":28,"column":9}},"type":"if","locations":[{"start":{"line":26,"column":8},"end":{"line":28,"column":9}},{"start":{},"end":{}}]}},"s":{"0":2,"1":2,"2":2,"3":13,"4":2,"5":2,"6":0,"7":15,"8":15,"9":0,"10":0,"11":2,"12":2},"f":{"0":2,"1":2,"2":0,"3":15,"4":0},"b":{"0":[13,13],"1":[13,13],"2":[0],"3":[0,15]}}
}
