TN:
SF:src\app.controller.ts
FN:6,(anonymous_2)
FN:9,(anonymous_3)
FNF:2
FNH:2
FNDA:1,(anonymous_2)
FNDA:1,(anonymous_3)
DA:1,1
DA:2,1
DA:5,1
DA:6,1
DA:9,1
DA:10,1
LF:6
LH:6
BRDA:6,0,0,1
BRDA:6,0,1,0
BRDA:6,1,0,1
BRDA:6,1,1,1
BRF:4
BRH:3
end_of_record
TN:
SF:src\app.service.ts
FN:5,(anonymous_1)
FNF:1
FNH:1
FNDA:1,(anonymous_1)
DA:1,1
DA:4,1
DA:6,1
LF:3
LH:3
BRF:0
BRH:0
end_of_record
TN:
SF:src\database\database.module.ts
FNF:0
FNH:0
DA:1,1
DA:2,1
DA:3,1
DA:4,1
DA:5,1
DA:6,1
DA:22,1
LF:7
LH:7
BRF:0
BRH:0
end_of_record
TN:
SF:src\database\database.service.ts
FN:11,(anonymous_4)
FNF:1
FNH:1
FNDA:24,(anonymous_4)
DA:1,2
DA:2,2
DA:3,2
DA:4,2
DA:5,2
DA:6,2
DA:9,2
DA:13,24
DA:15,24
DA:17,24
LF:10
LH:10
BRDA:13,0,0,2
BRDA:13,0,1,0
BRDA:13,1,0,2
BRDA:13,1,1,2
BRDA:13,2,0,2
BRDA:13,2,1,0
BRDA:13,3,0,2
BRDA:13,3,1,2
BRDA:15,4,0,2
BRDA:15,4,1,0
BRDA:15,5,0,2
BRDA:15,5,1,2
BRF:12
BRH:9
end_of_record
TN:
SF:src\database\Schema\project.schema.ts
FN:6,(anonymous_2)
FNF:1
FNH:1
FNDA:2,(anonymous_2)
DA:1,2
DA:2,2
DA:6,2
DA:7,2
DA:8,2
DA:9,2
DA:13,2
DA:17,2
DA:20,2
DA:24,2
DA:28,2
DA:34,2
DA:37,2
DA:40,2
DA:43,2
LF:15
LH:15
BRDA:6,0,0,2
BRDA:6,0,1,2
BRDA:24,1,0,2
BRDA:24,1,1,0
BRDA:24,2,0,2
BRDA:24,2,1,2
BRDA:37,3,0,2
BRDA:37,3,1,0
BRDA:37,4,0,2
BRDA:37,4,1,2
BRDA:40,5,0,2
BRDA:40,5,1,0
BRDA:40,6,0,2
BRDA:40,6,1,2
BRF:14
BRH:11
end_of_record
TN:
SF:src\database\Schema\task.schema.ts
FN:6,(anonymous_2)
FNF:1
FNH:1
FNDA:2,(anonymous_2)
DA:1,2
DA:2,2
DA:6,2
DA:7,2
DA:8,2
DA:9,2
DA:13,2
DA:20,2
DA:26,2
DA:31,2
DA:37,2
DA:44,2
DA:51,2
DA:58,2
DA:63,2
DA:66,2
LF:16
LH:16
BRDA:6,0,0,2
BRDA:6,0,1,2
BRDA:44,1,0,2
BRDA:44,1,1,0
BRDA:44,2,0,2
BRDA:44,2,1,2
BRDA:51,3,0,2
BRDA:51,3,1,0
BRDA:51,4,0,2
BRDA:51,4,1,2
BRDA:58,5,0,2
BRDA:58,5,1,0
BRDA:58,6,0,2
BRDA:58,6,1,2
BRDA:63,7,0,2
BRDA:63,7,1,0
BRDA:63,8,0,2
BRDA:63,8,1,2
BRF:18
BRH:14
end_of_record
TN:
SF:src\database\Schema\user.schema.ts
FN:31,(anonymous_11)
FNF:1
FNH:1
FNDA:9,(anonymous_11)
DA:1,2
DA:3,2
DA:7,2
DA:12,2
DA:15,2
DA:18,2
DA:21,2
DA:24,2
DA:27,2
DA:31,2
DA:32,9
DA:34,9
DA:36,9
LF:13
LH:13
BRDA:34,0,0,0
BRDA:34,0,1,9
BRF:2
BRH:1
end_of_record
TN:
SF:src\project\project.service.ts
FN:9,(anonymous_2)
FN:14,(anonymous_3)
FN:36,(anonymous_4)
FN:67,(anonymous_5)
FN:116,(anonymous_6)
FN:136,(anonymous_7)
FNF:6
FNH:6
FNDA:12,(anonymous_2)
FNDA:13,(anonymous_3)
FNDA:3,(anonymous_4)
FNDA:2,(anonymous_5)
FNDA:2,(anonymous_6)
FNDA:2,(anonymous_7)
DA:1,1
DA:2,1
DA:3,1
DA:4,1
DA:5,1
DA:8,1
DA:10,12
DA:11,12
DA:19,13
DA:20,13
DA:21,13
DA:22,13
DA:23,1
DA:25,12
DA:30,12
DA:31,12
DA:33,1
DA:42,3
DA:43,3
DA:47,3
DA:48,1
DA:51,2
DA:52,1
DA:57,1
DA:58,1
DA:59,1
DA:60,1
DA:61,1
DA:63,2
DA:69,2
DA:71,2
DA:72,2
DA:73,2
DA:75,2
DA:82,2
DA:83,1
DA:89,1
DA:96,1
DA:98,1
DA:100,1
DA:101,1
DA:103,1
DA:109,1
DA:110,1
DA:112,2
DA:120,2
DA:121,2
DA:126,2
DA:127,1
DA:130,1
DA:132,1
DA:140,2
DA:141,2
DA:142,2
DA:143,2
DA:144,0
DA:146,2
DA:147,2
DA:150,2
DA:151,1
DA:153,2
DA:154,2
DA:155,2
DA:157,0
LF:64
LH:62
BRDA:22,0,0,1
BRDA:22,0,1,12
BRDA:47,1,0,1
BRDA:47,1,1,2
BRDA:51,2,0,1
BRDA:51,2,1,1
BRDA:82,3,0,1
BRDA:82,3,1,1
BRDA:126,4,0,1
BRDA:126,4,1,1
BRDA:143,5,0,0
BRDA:143,5,1,2
BRDA:150,6,0,1
BRDA:150,6,1,1
BRDA:10,7,0,1
BRDA:10,7,1,0
BRDA:10,8,0,1
BRDA:10,8,1,1
BRDA:10,9,0,1
BRDA:10,9,1,0
BRDA:10,10,0,1
BRDA:10,10,1,1
BRF:22
BRH:19
end_of_record
TN:
SF:src\redis\redis.module.ts
FNF:0
FNH:0
DA:2,1
DA:3,1
DA:9,1
LF:3
LH:3
BRF:0
BRH:0
end_of_record
TN:
SF:src\redis\redis.service.ts
FN:12,(anonymous_2)
FN:16,(anonymous_3)
FN:20,(anonymous_4)
FN:24,(anonymous_5)
FN:31,(anonymous_6)
FNF:5
FNH:3
FNDA:2,(anonymous_2)
FNDA:2,(anonymous_3)
FNDA:0,(anonymous_4)
FNDA:15,(anonymous_5)
FNDA:0,(anonymous_6)
DA:2,2
DA:3,2
DA:6,2
DA:7,13
DA:13,2
DA:17,2
DA:21,0
DA:25,15
DA:26,15
DA:27,0
DA:32,0
LF:11
LH:8
BRDA:8,0,0,13
BRDA:8,0,1,13
BRDA:9,1,0,13
BRDA:9,1,1,13
BRDA:16,2,0,0
BRDA:26,3,0,0
BRDA:26,3,1,15
BRF:7
BRH:5
end_of_record
